<?xml version="1.0" encoding="UTF-8"?>
<!-- Generated by org.testng.reporters.JUnitReportReporter -->
<testsuite hostname="Amanjeet" failures="0" tests="1" name="day2.WaysToCreatePostRequestBody" time="2.581" errors="0" timestamp="2025-03-03T15:38:25 EST" skipped="0">
  <testcase classname="day2.WaysToCreatePostRequestBody" name="testDelete" time="2.581"/>
</testsuite> <!-- day2.WaysToCreatePostRequestBody -->
