<?xml version="1.0" encoding="UTF-8"?>
<!-- Generated by org.testng.reporters.JUnitReportReporter -->
<testsuite hostname="Amanjeet" failures="0" tests="1" name="day3.CookiesDemo" time="2.995" errors="0" timestamp="2025-03-05T10:24:05 EST" skipped="0">
  <testcase classname="day3.CookiesDemo" name="getCookiesInfo" time="2.995"/>
</testsuite> <!-- day3.CookiesDemo -->
