<?xml version="1.0" encoding="UTF-8"?>
<!-- Generated by org.testng.reporters.JUnitReportReporter -->
<testsuite hostname="Amanjeet" failures="0" tests="1" name="day3.HeadersDemo" time="3.162" errors="0" timestamp="2025-03-05T10:51:31 EST" skipped="0">
  <testcase classname="day3.HeadersDemo" name="getHeaders" time="3.162"/>
</testsuite> <!-- day3.HeadersDemo -->
