<?xml version="1.0" encoding="UTF-8"?>
<!-- Generated by org.testng.reporters.JUnitReportReporter -->
<testsuite hostname="Amanjeet" failures="0" tests="1" name="day3.PathAndQueryParameters" time="3.398" errors="0" timestamp="2025-03-03T22:30:27 EST" skipped="0">
  <testcase classname="day3.PathAndQueryParameters" name="testQueryAndPathParams" time="3.398"/>
</testsuite> <!-- day3.PathAndQueryParameters -->
