<?xml version="1.0" encoding="UTF-8"?>
<!-- Generated by org.testng.reporters.JUnitReportReporter -->
<testsuite hostname="Amanjeet" failures="0" tests="4" name="day1.HTTPRequests" time="3.377" errors="0" timestamp="2025-03-03T12:42:03 EST" skipped="0">
  <testcase classname="day1.HTTPRequests" name="getUsers" time="2.290"/>
  <testcase classname="day1.HTTPRequests" name="createUser" time="0.546"/>
  <testcase classname="day1.HTTPRequests" name="updateUser" time="0.273"/>
  <testcase classname="day1.HTTPRequests" name="deleteUser" time="0.268"/>
</testsuite> <!-- day1.HTTPRequests -->
