<?xml version="1.0" encoding="UTF-8"?>
<!-- Generated by org.testng.reporters.JUnitReportReporter -->
<testsuite hostname="Amanjeet" failures="0" tests="1" name="day5.FileUploadDownload" time="1.321" errors="0" timestamp="2025-03-09T13:44:52 EDT" skipped="0">
  <testcase classname="day5.FileUploadDownload" name="fileDownload" time="1.321"/>
</testsuite> <!-- day5.FileUploadDownload -->
