<?xml version="1.0" encoding="UTF-8"?>
<!-- Generated by org.testng.reporters.JUnitReportReporter -->
<testsuite hostname="Amanjeet" failures="0" tests="1" name="day6.JSONSchemaValidation" time="3.761" errors="0" timestamp="2025-03-09T14:43:47 EDT" skipped="0">
  <testcase classname="day6.JSONSchemaValidation" name="jsonSchemaValidation" time="3.761"/>
</testsuite> <!-- day6.JSONSchemaValidation -->
