<?xml version="1.0" encoding="UTF-8"?>
<!-- Generated by org.testng.reporters.JUnitReportReporter -->
<testsuite hostname="Amanjeet" failures="0" tests="1" name="day3.LoggingDemo" time="3.319" errors="0" timestamp="2025-03-05T11:00:09 EST" skipped="0">
  <testcase classname="day3.LoggingDemo" name="testLogs" time="3.319"/>
</testsuite> <!-- day3.LoggingDemo -->
