<?xml version="1.0" encoding="UTF-8"?>
<!-- Generated by org.testng.reporters.JUnitReportReporter -->
<testsuite hostname="Amanjeet" failures="0" tests="1" name="day4.ParsingJSONResponseData" time="1.335" errors="0" timestamp="2025-03-09T12:37:07 EDT" skipped="0">
  <testcase classname="day4.ParsingJSONResponseData" name="testJsonResponseBodyData" time="1.335"/>
</testsuite> <!-- day4.ParsingJSONResponseData -->
